::1 - - [21/Apr/2022:04:18:03 +0000] "POST /v1/auth/register HTTP/1.1" 400 1276 "-" "PostmanRuntime/7.29.0"
::1 - - [21/Apr/2022:04:22:59 +0000] "POST /v1/auth/register HTTP/1.1" 400 1185 "-" "PostmanRuntime/7.29.0"
::1 - - [21/Apr/2022:04:23:34 +0000] "POST /v1/auth/register HTTP/1.1" 400 284 "-" "PostmanRuntime/7.29.0"
::1 - - [21/Apr/2022:04:26:30 +0000] "POST /v1/auth/register HTTP/1.1" 400 1188 "-" "PostmanRuntime/7.29.0"
::1 - - [21/Apr/2022:04:33:56 +0000] "POST /v1/auth/register HTTP/1.1" 400 1188 "-" "PostmanRuntime/7.29.0"
::1 - - [21/Apr/2022:04:36:31 +0000] "POST /v1/auth/register HTTP/1.1" 400 284 "-" "PostmanRuntime/7.29.0"
::1 - - [21/Apr/2022:15:32:20 +0000] "POST /v1/auth/register HTTP/1.1" 400 1188 "-" "PostmanRuntime/7.29.0"
::1 - - [21/Apr/2022:15:35:13 +0000] "POST /v1/auth/register HTTP/1.1" 400 1188 "-" "PostmanRuntime/7.29.0"
::1 - - [21/Apr/2022:15:36:46 +0000] "POST /v1/auth/register HTTP/1.1" 400 284 "-" "PostmanRuntime/7.29.0"
::1 - - [21/Apr/2022:15:38:20 +0000] "POST /v1/auth/register HTTP/1.1" 400 284 "-" "PostmanRuntime/7.29.0"
::1 - - [21/Apr/2022:15:40:02 +0000] "POST /v1/auth/register HTTP/1.1" 400 284 "-" "PostmanRuntime/7.29.0"
::1 - - [21/Apr/2022:15:42:11 +0000] "POST /v1/auth/register HTTP/1.1" 400 284 "-" "PostmanRuntime/7.29.0"
::1 - - [21/Apr/2022:15:44:29 +0000] "POST /v1/auth/register HTTP/1.1" 400 284 "-" "PostmanRuntime/7.29.0"
::1 - - [21/Apr/2022:15:45:30 +0000] "POST /v1/auth/register HTTP/1.1" 400 284 "-" "PostmanRuntime/7.29.0"
::1 - - [21/Apr/2022:15:47:01 +0000] "POST /v1/auth/register HTTP/1.1" 400 284 "-" "PostmanRuntime/7.29.0"
::1 - - [21/Apr/2022:15:47:56 +0000] "POST /v1/auth/register HTTP/1.1" 400 284 "-" "PostmanRuntime/7.29.0"
::1 - - [21/Apr/2022:15:51:40 +0000] "POST /v1/auth/register HTTP/1.1" 400 382 "-" "PostmanRuntime/7.29.0"
::1 - - [21/Apr/2022:17:28:14 +0000] "POST /v1/auth/register HTTP/1.1" 400 1188 "-" "PostmanRuntime/7.29.0"
::1 - - [21/Apr/2022:17:28:38 +0000] "POST /v1/auth/register HTTP/1.1" 400 284 "-" "PostmanRuntime/7.29.0"
::1 - - [21/Apr/2022:17:36:52 +0000] "POST /v1/auth/register HTTP/1.1" 400 284 "-" "PostmanRuntime/7.29.0"
::1 - - [21/Apr/2022:17:41:48 +0000] "POST /v1/auth/register HTTP/1.1" 400 284 "-" "PostmanRuntime/7.29.0"
::1 - - [21/Apr/2022:17:45:38 +0000] "POST /v1/auth/register HTTP/1.1" 400 284 "-" "PostmanRuntime/7.29.0"
::1 - - [21/Apr/2022:17:52:43 +0000] "POST /v1/auth/register HTTP/1.1" 200 55 "-" "PostmanRuntime/7.29.0"
::1 - - [21/Apr/2022:18:11:29 +0000] "POST /v1/auth/login HTTP/1.1" 200 317 "-" "PostmanRuntime/7.29.0"
::1 - - [22/Apr/2022:03:59:33 +0000] "POST /v1/auth/login HTTP/1.1" 200 317 "-" "PostmanRuntime/7.29.0"
::1 - - [22/Apr/2022:04:00:10 +0000] "POST /v1/auth/login HTTP/1.1" 200 317 "-" "PostmanRuntime/7.29.0"
::1 - - [22/Apr/2022:04:00:59 +0000] "POST /v1/auth/login HTTP/1.1" 200 317 "-" "PostmanRuntime/7.29.0"
::1 - - [22/Apr/2022:04:01:26 +0000] "POST /v1/auth/login HTTP/1.1" 200 317 "-" "PostmanRuntime/7.29.0"
::1 - - [22/Apr/2022:04:23:19 +0000] "POST /v1/auth/login HTTP/1.1" 200 317 "-" "PostmanRuntime/7.29.0"
::1 - - [22/Apr/2022:04:31:10 +0000] "POST /v1/auth/login HTTP/1.1" 200 317 "-" "PostmanRuntime/7.29.0"
::1 - - [22/Apr/2022:04:34:41 +0000] "POST /v1/auth/login HTTP/1.1" 200 317 "-" "PostmanRuntime/7.29.0"
::1 - - [22/Apr/2022:04:34:50 +0000] "POST /v1/auth/login HTTP/1.1" 200 317 "-" "PostmanRuntime/7.29.0"
::1 - - [22/Apr/2022:04:35:01 +0000] "POST /v1/auth/login HTTP/1.1" 200 317 "-" "PostmanRuntime/7.29.0"
::1 - - [23/Apr/2022:04:35:16 +0000] "POST /v1/user/forgot-password HTTP/1.1" 200 68 "-" "PostmanRuntime/7.29.0"
::1 - - [23/Apr/2022:04:35:55 +0000] "POST /v1/user/forgot-password HTTP/1.1" 200 68 "-" "PostmanRuntime/7.29.0"
::1 - - [23/Apr/2022:04:36:21 +0000] "POST /v1/user/forgot-password HTTP/1.1" 200 68 "-" "PostmanRuntime/7.29.0"
::1 - - [24/Apr/2022:06:54:13 +0000] "POST /v1/user/forgot-password HTTP/1.1" 200 68 "-" "PostmanRuntime/7.29.0"
::1 - - [24/Apr/2022:06:56:00 +0000] "GET /v1/user/change-password/e0571d5c-d45e-467e-9d22-4c5afa02562d HTTP/1.1" 404 199 "-" "PostmanRuntime/7.29.0"
::1 - - [24/Apr/2022:06:56:53 +0000] "POST /v1/user/change-password/e0571d5c-d45e-467e-9d22-4c5afa02562d HTTP/1.1" 400 1230 "-" "PostmanRuntime/7.29.0"
::1 - - [24/Apr/2022:06:58:33 +0000] "POST /v1/user/change-password/e0571d5c-d45e-467e-9d22-4c5afa02562d HTTP/1.1" 400 1230 "-" "PostmanRuntime/7.29.0"
::1 - - [24/Apr/2022:06:59:56 +0000] "POST /v1/user/change-password/e0571d5c-d45e-467e-9d22-4c5afa02562d HTTP/1.1" 200 69 "-" "PostmanRuntime/7.29.0"
::1 - - [24/Apr/2022:07:05:26 +0000] "POST /v1/auth/forgot-password HTTP/1.1" 200 68 "-" "PostmanRuntime/7.29.0"
::1 - - [24/Apr/2022:07:06:54 +0000] "POST /v1/auth/change-password/65b3eeae-afef-4229-9447-5185aa5adc21 HTTP/1.1" 200 69 "-" "PostmanRuntime/7.29.0"
::1 - - [24/Apr/2022:07:27:03 +0000] "POST /v1/auth/login HTTP/1.1" 200 317 "-" "PostmanRuntime/7.29.0"
::1 - - [24/Apr/2022:07:28:07 +0000] "POST /v1/auth/login HTTP/1.1" 200 317 "-" "PostmanRuntime/7.29.0"
::1 - - [24/Apr/2022:07:31:10 +0000] "POST /v1/auth/logout HTTP/1.1" 200 49 "-" "PostmanRuntime/7.29.0"
::1 - - [24/Apr/2022:07:33:44 +0000] "POST /v1/auth/logout HTTP/1.1" 200 49 "-" "PostmanRuntime/7.29.0"
::1 - - [24/Apr/2022:07:38:30 +0000] "POST /v1/auth/logout HTTP/1.1" 200 49 "-" "PostmanRuntime/7.29.0"
::1 - - [24/Apr/2022:07:43:26 +0000] "POST /v1/auth/logout HTTP/1.1" 401 1152 "-" "PostmanRuntime/7.29.0"
::1 - - [24/Apr/2022:07:43:29 +0000] "POST /v1/auth/logout HTTP/1.1" 401 1152 "-" "PostmanRuntime/7.29.0"
::1 - - [24/Apr/2022:07:43:39 +0000] "POST /v1/auth/login HTTP/1.1" 200 317 "-" "PostmanRuntime/7.29.0"
::1 - - [24/Apr/2022:07:43:49 +0000] "POST /v1/auth/logout HTTP/1.1" 200 49 "-" "PostmanRuntime/7.29.0"
::1 - - [24/Apr/2022:07:47:12 +0000] "POST /v1/auth/logout HTTP/1.1" 200 49 "-" "PostmanRuntime/7.29.0"
::1 - - [24/Apr/2022:07:47:28 +0000] "POST /v1/auth/logout HTTP/1.1" 200 49 "-" "PostmanRuntime/7.29.0"
::1 - - [24/Apr/2022:07:50:23 +0000] "POST /v1/auth/logout HTTP/1.1" 200 49 "-" "PostmanRuntime/7.29.0"
::1 - - [24/Apr/2022:07:55:53 +0000] "POST /v1/user/update/1 HTTP/1.1" 400 433 "-" "PostmanRuntime/7.29.0"
::1 - - [24/Apr/2022:16:42:51 +0000] "POST /v1/user/update/1 HTTP/1.1" 401 1142 "-" "PostmanRuntime/7.29.0"
::1 - - [24/Apr/2022:16:42:58 +0000] "POST /v1/auth/login HTTP/1.1" 200 317 "-" "PostmanRuntime/7.29.0"
::1 - - [24/Apr/2022:17:16:18 +0000] "POST /v1/auth/logout HTTP/1.1" 401 1152 "-" "PostmanRuntime/7.29.0"
::1 - - [24/Apr/2022:17:16:28 +0000] "POST /v1/auth/login HTTP/1.1" 200 317 "-" "PostmanRuntime/7.29.0"
::1 - - [24/Apr/2022:17:16:37 +0000] "POST /v1/user/update/1 HTTP/1.1" 400 433 "-" "PostmanRuntime/7.29.0"
::1 - - [24/Apr/2022:17:31:06 +0000] "POST /v1/auth/login HTTP/1.1" 200 317 "-" "PostmanRuntime/7.29.0"
::1 - - [24/Apr/2022:17:42:57 +0000] "POST /v1/auth/logout HTTP/1.1" 200 49 "-" "PostmanRuntime/7.29.0"
::1 - - [24/Apr/2022:17:43:38 +0000] "POST /v1/auth/logout HTTP/1.1" 200 49 "-" "PostmanRuntime/7.29.0"
::1 - - [24/Apr/2022:17:46:12 +0000] "POST /v1/auth/logout HTTP/1.1" 401 1152 "-" "PostmanRuntime/7.29.0"
::1 - - [24/Apr/2022:17:46:16 +0000] "POST /v1/auth/register HTTP/1.1" 400 360 "-" "PostmanRuntime/7.29.0"
::1 - - [24/Apr/2022:17:46:19 +0000] "POST /v1/auth/login HTTP/1.1" 200 317 "-" "PostmanRuntime/7.29.0"
::1 - - [24/Apr/2022:17:46:28 +0000] "POST /v1/user/update/1 HTTP/1.1" 400 433 "-" "PostmanRuntime/7.29.0"
::1 - - [24/Apr/2022:17:46:33 +0000] "POST /v1/auth/logout HTTP/1.1" 200 49 "-" "PostmanRuntime/7.29.0"
::1 - - [24/Apr/2022:17:47:11 +0000] "POST /v1/auth/logout HTTP/1.1" 200 49 "-" "PostmanRuntime/7.29.0"
::1 - - [24/Apr/2022:17:48:05 +0000] "POST /v1/auth/logout HTTP/1.1" 200 49 "-" "PostmanRuntime/7.29.0"
::1 - - [24/Apr/2022:17:48:18 +0000] "POST /v1/auth/logout HTTP/1.1" 200 49 "-" "PostmanRuntime/7.29.0"
::1 - - [24/Apr/2022:17:48:59 +0000] "POST /v1/auth/logout HTTP/1.1" 200 49 "-" "PostmanRuntime/7.29.0"
::1 - - [24/Apr/2022:17:54:52 +0000] "POST /v1/auth/logout HTTP/1.1" 200 49 "-" "PostmanRuntime/7.29.0"
::1 - - [24/Apr/2022:17:55:20 +0000] "POST /v1/auth/logout HTTP/1.1" 200 49 "-" "PostmanRuntime/7.29.0"
::1 - - [24/Apr/2022:17:55:47 +0000] "POST /v1/auth/logout HTTP/1.1" 200 49 "-" "PostmanRuntime/7.29.0"
::1 - - [24/Apr/2022:17:56:32 +0000] "POST /v1/auth/logout HTTP/1.1" 200 49 "-" "PostmanRuntime/7.29.0"
::1 - - [24/Apr/2022:17:57:31 +0000] "POST /v1/auth/logout HTTP/1.1" 200 49 "-" "PostmanRuntime/7.29.0"
::1 - - [24/Apr/2022:17:58:45 +0000] "POST /v1/auth/logout HTTP/1.1" 200 49 "-" "PostmanRuntime/7.29.0"
::1 - - [24/Apr/2022:18:01:38 +0000] "POST /v1/auth/logout HTTP/1.1" 401 1152 "-" "PostmanRuntime/7.29.0"
::1 - - [24/Apr/2022:18:01:42 +0000] "POST /v1/auth/login HTTP/1.1" 200 317 "-" "PostmanRuntime/7.29.0"
::1 - - [24/Apr/2022:18:01:51 +0000] "POST /v1/auth/logout HTTP/1.1" 400 1081 "-" "PostmanRuntime/7.29.0"
::1 - - [24/Apr/2022:18:03:55 +0000] "POST /v1/auth/logout HTTP/1.1" 200 49 "-" "PostmanRuntime/7.29.0"
::1 - - [24/Apr/2022:18:09:32 +0000] "POST /v1/auth/logout HTTP/1.1" 401 306 "-" "PostmanRuntime/7.29.0"
::1 - - [24/Apr/2022:18:09:38 +0000] "POST /v1/auth/login HTTP/1.1" 200 317 "-" "PostmanRuntime/7.29.0"
::1 - - [24/Apr/2022:18:09:46 +0000] "POST /v1/user/update/1 HTTP/1.1" 401 306 "-" "PostmanRuntime/7.29.0"
::1 - - [24/Apr/2022:18:09:53 +0000] "POST /v1/user/update/1 HTTP/1.1" 401 306 "-" "PostmanRuntime/7.29.0"
::1 - - [24/Apr/2022:18:09:57 +0000] "POST /v1/auth/login HTTP/1.1" 200 317 "-" "PostmanRuntime/7.29.0"
::1 - - [24/Apr/2022:18:10:07 +0000] "POST /v1/user/update/1 HTTP/1.1" 401 306 "-" "PostmanRuntime/7.29.0"
::1 - - [24/Apr/2022:18:10:13 +0000] "POST /v1/auth/change-password/65b3eeae-afef-4229-9447-5185aa5adc21 HTTP/1.1" 200 69 "-" "PostmanRuntime/7.29.0"
::1 - - [24/Apr/2022:18:10:20 +0000] "POST /v1/auth/login HTTP/1.1" 200 317 "-" "PostmanRuntime/7.29.0"
::1 - - [24/Apr/2022:19:01:00 +0000] "POST /v1/auth/login HTTP/1.1" 200 52 "-" "PostmanRuntime/7.29.0"
::1 - - [24/Apr/2022:19:01:06 +0000] "POST /v1/auth/logout HTTP/1.1" 200 49 "-" "PostmanRuntime/7.29.0"
::1 - - [25/Apr/2022:03:24:03 +0000] "POST /v1/user/update/1 HTTP/1.1" 400 1065 "-" "PostmanRuntime/7.29.0"
::1 - - [25/Apr/2022:03:24:10 +0000] "POST /v1/auth/login HTTP/1.1" 200 52 "-" "PostmanRuntime/7.29.0"
::1 - - [25/Apr/2022:03:25:05 +0000] "POST /v1/auth/login HTTP/1.1" 200 52 "-" "PostmanRuntime/7.29.0"
::1 - - [25/Apr/2022:03:30:04 +0000] "POST /v1/user/update/1 HTTP/1.1" 400 433 "-" "PostmanRuntime/7.29.0"
::1 - - [25/Apr/2022:03:31:57 +0000] "POST /v1/user/update/1 HTTP/1.1" 400 433 "-" "PostmanRuntime/7.29.0"
::1 - - [25/Apr/2022:04:05:18 +0000] "POST /v1/auth/login HTTP/1.1" 400 314 "-" "PostmanRuntime/7.29.0"
::1 - - [25/Apr/2022:04:11:24 +0000] "POST /v1/auth/login HTTP/1.1" 200 52 "-" "PostmanRuntime/7.29.0"
::1 - - [25/Apr/2022:04:29:15 +0000] "GET /csrf HTTP/1.1" 404 143 "-" "PostmanRuntime/7.29.0"
::1 - - [25/Apr/2022:04:29:21 +0000] "GET /v1/csrf HTTP/1.1" 404 146 "-" "PostmanRuntime/7.29.0"
::1 - - [25/Apr/2022:04:30:19 +0000] "GET /v1/csrf HTTP/1.1" 404 146 "-" "PostmanRuntime/7.29.0"
::1 - - [25/Apr/2022:04:30:41 +0000] "GET /v1/csrf/token HTTP/1.1" 200 48 "-" "PostmanRuntime/7.29.0"
::1 - - [25/Apr/2022:04:31:00 +0000] "POST /v1/auth/login HTTP/1.1" 200 52 "-" "PostmanRuntime/7.29.0"
::1 - - [25/Apr/2022:04:31:51 +0000] "POST /v1/user/update/1 HTTP/1.1" 400 433 "-" "PostmanRuntime/7.29.0"
::1 - - [25/Apr/2022:04:32:17 +0000] "POST /v1/auth/forgot-password HTTP/1.1" 200 68 "-" "PostmanRuntime/7.29.0"
::1 - - [25/Apr/2022:04:32:30 +0000] "POST /v1/auth/forgot-password HTTP/1.1" 200 68 "-" "PostmanRuntime/7.29.0"
::1 - - [25/Apr/2022:04:32:41 +0000] "GET /v1/csrf/token HTTP/1.1" 200 48 "-" "PostmanRuntime/7.29.0"
::1 - - [25/Apr/2022:04:32:51 +0000] "POST /v1/auth/forgot-password HTTP/1.1" 200 68 "-" "PostmanRuntime/7.29.0"
